<?xml version="1.0" encoding="UTF-8"?>
<testng-results skipped="0" failed="1" total="1" passed="0">
  <reporter-output>
  </reporter-output>
  <suite name="cz.mendelu.swi.eprieskumy.dao.DotaznikDaoTest" duration-ms="67694" started-at="2017-03-22T16:57:56Z" finished-at="2017-03-22T16:59:04Z">
    <groups>
    </groups>
    <test name="Command line test" duration-ms="67694" started-at="2017-03-22T16:57:56Z" finished-at="2017-03-22T16:59:04Z">
      <class name="cz.mendelu.swi.eprieskumy.dao.DotaznikDaoTest">
        <test-method status="PASS" signature="springTestContextBeforeTestClass()[pri:0, instance:cz.mendelu.swi.eprieskumy.dao.DotaznikDaoTest@7a765367]" name="springTestContextBeforeTestClass" is-config="true" duration-ms="33" started-at="2017-03-22T17:57:56Z" finished-at="2017-03-22T17:57:56Z">
          <reporter-output>
          </reporter-output>
        </test-method> <!-- springTestContextBeforeTestClass -->
        <test-method status="PASS" signature="springTestContextPrepareTestInstance()[pri:0, instance:cz.mendelu.swi.eprieskumy.dao.DotaznikDaoTest@7a765367]" name="springTestContextPrepareTestInstance" is-config="true" duration-ms="66496" started-at="2017-03-22T17:57:56Z" depends-on-methods="org.springframework.test.context.testng.AbstractTestNGSpringContextTests.springTestContextBeforeTestClass" finished-at="2017-03-22T17:59:03Z">
          <reporter-output>
          </reporter-output>
        </test-method> <!-- springTestContextPrepareTestInstance -->
        <test-method status="PASS" signature="springTestContextBeforeTestMethod(java.lang.reflect.Method)[pri:0, instance:cz.mendelu.swi.eprieskumy.dao.DotaznikDaoTest@7a765367]" name="springTestContextBeforeTestMethod" is-config="true" duration-ms="724" started-at="2017-03-22T17:59:03Z" finished-at="2017-03-22T17:59:04Z">
          <params>
            <param index="0">
              <value>
                <![CDATA[public void cz.mendelu.swi.eprieskumy.dao.DotaznikDaoTest.testSave()]]>
              </value>
            </param>
          </params>
          <reporter-output>
          </reporter-output>
        </test-method> <!-- springTestContextBeforeTestMethod -->
        <test-method status="FAIL" signature="testSave()[pri:0, instance:cz.mendelu.swi.eprieskumy.dao.DotaznikDaoTest@7a765367]" name="testSave" duration-ms="217" started-at="2017-03-22T17:59:04Z" finished-at="2017-03-22T17:59:04Z">
          <exception class="cz.mendelu.pef.swi.eprieskumy.utils.DaoLayerException">
            <message>
              <![CDATA[org.hibernate.PersistentObjectException: detached entity passed to persist: cz.mendelu.pef.swi.eprieskumy.domain.Dotaznik]]>
            </message>
            <full-stacktrace>
              <![CDATA[cz.mendelu.pef.swi.eprieskumy.utils.DaoLayerException: org.hibernate.PersistentObjectException: detached entity passed to persist: cz.mendelu.pef.swi.eprieskumy.domain.Dotaznik
	at cz.mendelu.pef.swi.eprieskumy.dao.DotaznikDaoImpl.save(DotaznikDaoImpl.java:48)
	at cz.mendelu.swi.eprieskumy.dao.DotaznikDaoTest.testSave(DotaznikDaoTest.java:42)
	at sun.reflect.NativeMethodAccessorImpl.invoke0(Native Method)
	at sun.reflect.NativeMethodAccessorImpl.invoke(NativeMethodAccessorImpl.java:62)
	at sun.reflect.DelegatingMethodAccessorImpl.invoke(DelegatingMethodAccessorImpl.java:43)
	at java.lang.reflect.Method.invoke(Method.java:498)
	at org.testng.internal.MethodInvocationHelper.invokeMethod(MethodInvocationHelper.java:85)
	at org.testng.internal.MethodInvocationHelper$1.runTestMethod(MethodInvocationHelper.java:200)
	at org.springframework.test.context.testng.AbstractTestNGSpringContextTests.run(AbstractTestNGSpringContextTests.java:175)
	at org.testng.internal.MethodInvocationHelper.invokeHookable(MethodInvocationHelper.java:212)
	at org.testng.internal.Invoker.invokeMethod(Invoker.java:689)
	at org.testng.internal.Invoker.invokeTestMethod(Invoker.java:882)
	at org.testng.internal.Invoker.invokeTestMethods(Invoker.java:1189)
	at org.testng.internal.TestMethodWorker.invokeTestMethods(TestMethodWorker.java:124)
	at org.testng.internal.TestMethodWorker.run(TestMethodWorker.java:108)
	at org.testng.TestRunner.privateRun(TestRunner.java:767)
	at org.testng.TestRunner.run(TestRunner.java:617)
	at org.testng.SuiteRunner.runTest(SuiteRunner.java:348)
	at org.testng.SuiteRunner.runSequentially(SuiteRunner.java:343)
	at org.testng.SuiteRunner.privateRun(SuiteRunner.java:305)
	at org.testng.SuiteRunner.run(SuiteRunner.java:254)
	at org.testng.SuiteRunnerWorker.runSuite(SuiteRunnerWorker.java:52)
	at org.testng.SuiteRunnerWorker.run(SuiteRunnerWorker.java:86)
	at org.testng.TestNG.runSuitesSequentially(TestNG.java:1224)
	at org.testng.TestNG.runSuitesLocally(TestNG.java:1149)
	at org.testng.TestNG.run(TestNG.java:1057)
	at org.apache.maven.surefire.testng.TestNGExecutor.run(TestNGExecutor.java:70)
	at org.apache.maven.surefire.testng.TestNGDirectoryTestSuite.execute(TestNGDirectoryTestSuite.java:109)
	at org.apache.maven.surefire.testng.TestNGProvider.invoke(TestNGProvider.java:111)
	at sun.reflect.NativeMethodAccessorImpl.invoke0(Native Method)
	at sun.reflect.NativeMethodAccessorImpl.invoke(NativeMethodAccessorImpl.java:62)
	at sun.reflect.DelegatingMethodAccessorImpl.invoke(DelegatingMethodAccessorImpl.java:43)
	at java.lang.reflect.Method.invoke(Method.java:498)
	at org.apache.maven.surefire.util.ReflectionUtils.invokeMethodWithArray(ReflectionUtils.java:164)
	at org.apache.maven.surefire.booter.ProviderFactory$ProviderProxy.invoke(ProviderFactory.java:110)
	at org.apache.maven.surefire.booter.SurefireStarter.invokeProvider(SurefireStarter.java:175)
	at org.apache.maven.surefire.booter.SurefireStarter.runSuitesInProcessWhenForked(SurefireStarter.java:107)
	at org.apache.maven.surefire.booter.ForkedBooter.main(ForkedBooter.java:68)
]]>
            </full-stacktrace>
          </exception> <!-- cz.mendelu.pef.swi.eprieskumy.utils.DaoLayerException -->
          <reporter-output>
          </reporter-output>
        </test-method> <!-- testSave -->
        <test-method status="PASS" signature="springTestContextAfterTestMethod(java.lang.reflect.Method)[pri:0, instance:cz.mendelu.swi.eprieskumy.dao.DotaznikDaoTest@7a765367]" name="springTestContextAfterTestMethod" is-config="true" duration-ms="161" started-at="2017-03-22T17:59:04Z" finished-at="2017-03-22T17:59:04Z">
          <params>
            <param index="0">
              <value>
                <![CDATA[public void cz.mendelu.swi.eprieskumy.dao.DotaznikDaoTest.testSave()]]>
              </value>
            </param>
          </params>
          <reporter-output>
          </reporter-output>
        </test-method> <!-- springTestContextAfterTestMethod -->
        <test-method status="PASS" signature="springTestContextAfterTestClass()[pri:0, instance:cz.mendelu.swi.eprieskumy.dao.DotaznikDaoTest@7a765367]" name="springTestContextAfterTestClass" is-config="true" duration-ms="0" started-at="2017-03-22T17:59:04Z" finished-at="2017-03-22T17:59:04Z">
          <reporter-output>
          </reporter-output>
        </test-method> <!-- springTestContextAfterTestClass -->
      </class> <!-- cz.mendelu.swi.eprieskumy.dao.DotaznikDaoTest -->
    </test> <!-- Command line test -->
  </suite> <!-- cz.mendelu.swi.eprieskumy.dao.DotaznikDaoTest -->
</testng-results>
